E, [2017-02-08T16:33:14.205545 #7774] ERROR -- Kitchen: ------Exception-------
E, [2017-02-08T16:33:14.205678 #7774] ERROR -- Kitchen: Class: Kitchen::UserError
E, [2017-02-08T16:33:14.205714 #7774] ERROR -- Kitchen: Message: Kitchen YAML file /home/Murali/workspace/.kitchen_docker.yml does not exist.
E, [2017-02-08T16:33:14.205741 #7774] ERROR -- Kitchen: ----------------------
E, [2017-02-08T16:33:14.205764 #7774] ERROR -- Kitchen: ------Backtrace-------
E, [2017-02-08T16:33:14.205788 #7774] ERROR -- Kitchen: /opt/chefdk/embedded/lib/ruby/gems/2.3.0/gems/test-kitchen-1.14.2/lib/kitchen/loader/yaml.rb:71:in `read'
E, [2017-02-08T16:33:14.205814 #7774] ERROR -- Kitchen: /opt/chefdk/embedded/lib/ruby/gems/2.3.0/gems/test-kitchen-1.14.2/lib/kitchen/config.rb:152:in `data'
E, [2017-02-08T16:33:14.205839 #7774] ERROR -- Kitchen: /opt/chefdk/embedded/lib/ruby/gems/2.3.0/gems/test-kitchen-1.14.2/lib/kitchen/config.rb:131:in `suites'
E, [2017-02-08T16:33:14.205862 #7774] ERROR -- Kitchen: /opt/chefdk/embedded/lib/ruby/gems/2.3.0/gems/test-kitchen-1.14.2/lib/kitchen/config.rb:182:in `filter_instances'
E, [2017-02-08T16:33:14.205886 #7774] ERROR -- Kitchen: /opt/chefdk/embedded/lib/ruby/gems/2.3.0/gems/test-kitchen-1.14.2/lib/kitchen/config.rb:141:in `build_instances'
E, [2017-02-08T16:33:14.205909 #7774] ERROR -- Kitchen: /opt/chefdk/embedded/lib/ruby/gems/2.3.0/gems/test-kitchen-1.14.2/lib/kitchen/config.rb:117:in `instances'
E, [2017-02-08T16:33:14.205932 #7774] ERROR -- Kitchen: /opt/chefdk/embedded/lib/ruby/gems/2.3.0/gems/test-kitchen-1.14.2/lib/kitchen/command.rb:112:in `filtered_instances'
E, [2017-02-08T16:33:14.205955 #7774] ERROR -- Kitchen: /opt/chefdk/embedded/lib/ruby/gems/2.3.0/gems/test-kitchen-1.14.2/lib/kitchen/command.rb:142:in `parse_subcommand'
E, [2017-02-08T16:33:14.205977 #7774] ERROR -- Kitchen: /opt/chefdk/embedded/lib/ruby/gems/2.3.0/gems/test-kitchen-1.14.2/lib/kitchen/command/list.rb:30:in `call'
E, [2017-02-08T16:33:14.206001 #7774] ERROR -- Kitchen: /opt/chefdk/embedded/lib/ruby/gems/2.3.0/gems/test-kitchen-1.14.2/lib/kitchen/cli.rb:53:in `perform'
E, [2017-02-08T16:33:14.206045 #7774] ERROR -- Kitchen: /opt/chefdk/embedded/lib/ruby/gems/2.3.0/gems/test-kitchen-1.14.2/lib/kitchen/cli.rb:121:in `list'
E, [2017-02-08T16:33:14.206069 #7774] ERROR -- Kitchen: /opt/chefdk/embedded/lib/ruby/gems/2.3.0/gems/thor-0.19.4/lib/thor/command.rb:27:in `run'
E, [2017-02-08T16:33:14.206091 #7774] ERROR -- Kitchen: /opt/chefdk/embedded/lib/ruby/gems/2.3.0/gems/thor-0.19.4/lib/thor/invocation.rb:126:in `invoke_command'
E, [2017-02-08T16:33:14.206113 #7774] ERROR -- Kitchen: /opt/chefdk/embedded/lib/ruby/gems/2.3.0/gems/test-kitchen-1.14.2/lib/kitchen/cli.rb:334:in `invoke_task'
E, [2017-02-08T16:33:14.206135 #7774] ERROR -- Kitchen: /opt/chefdk/embedded/lib/ruby/gems/2.3.0/gems/thor-0.19.4/lib/thor.rb:369:in `dispatch'
E, [2017-02-08T16:33:14.206157 #7774] ERROR -- Kitchen: /opt/chefdk/embedded/lib/ruby/gems/2.3.0/gems/thor-0.19.4/lib/thor/base.rb:444:in `start'
E, [2017-02-08T16:33:14.206180 #7774] ERROR -- Kitchen: /opt/chefdk/embedded/lib/ruby/gems/2.3.0/gems/test-kitchen-1.14.2/bin/kitchen:13:in `block in <top (required)>'
E, [2017-02-08T16:33:14.206202 #7774] ERROR -- Kitchen: /opt/chefdk/embedded/lib/ruby/gems/2.3.0/gems/test-kitchen-1.14.2/lib/kitchen/errors.rb:171:in `with_friendly_errors'
E, [2017-02-08T16:33:14.206224 #7774] ERROR -- Kitchen: /opt/chefdk/embedded/lib/ruby/gems/2.3.0/gems/test-kitchen-1.14.2/bin/kitchen:13:in `<top (required)>'
E, [2017-02-08T16:33:14.206247 #7774] ERROR -- Kitchen: /usr/bin/kitchen:21:in `load'
E, [2017-02-08T16:33:14.206268 #7774] ERROR -- Kitchen: /usr/bin/kitchen:21:in `<main>'
E, [2017-02-08T16:33:14.206289 #7774] ERROR -- Kitchen: ----End Backtrace-----
